== Typora migration started: 2025-11-05T14:15:22 ==
MOVE: "C:\Users\Irenegry\Documents\Daily-Work\image-20250708183609500.png" -> ".\assets\image-20250708183609500.png"
MOVE: "C:\Users\Irenegry\Documents\Daily-Work\image-20250718101246374.png" -> ".\assets\image-20250718101246374.png"
MOVE: "C:\Users\Irenegry\Documents\Daily-Work\image-20250718103655340.png" -> ".\assets\image-20250718103655340.png"
MOVE: "C:\Users\Irenegry\Documents\Daily-Work\image-20250718103700710.png" -> ".\assets\image-20250718103700710.png"
MOVE: "C:\Users\Irenegry\Documents\Daily-Work\image-20250718105326741.png" -> ".\assets\image-20250718105326741.png"
MOVE: "C:\Users\Irenegry\Documents\Daily-Work\image-20250718110324694.png" -> ".\assets\image-20250718110324694.png"
MOVE: "C:\Users\Irenegry\Documents\Daily-Work\image-20250718111357836.png" -> ".\assets\image-20250718111357836.png"
MOVE: "C:\Users\Irenegry\Documents\Daily-Work\image-20250718111507427.png" -> ".\assets\image-20250718111507427.png"
MOVE: "C:\Users\Irenegry\Documents\Daily-Work\image-20250725154854825.png" -> ".\assets\image-20250725154854825.png"
MOVE: "C:\Users\Irenegry\Documents\Daily-Work\image-20250725154917437.png" -> ".\assets\image-20250725154917437.png"
MOVE: "C:\Users\Irenegry\Documents\Daily-Work\image-20250725155005103.png" -> ".\assets\image-20250725155005103.png"
MOVE: "C:\Users\Irenegry\Documents\Daily-Work\image-20250725155235275.png" -> ".\assets\image-20250725155235275.png"
MOVE: "C:\Users\Irenegry\Documents\Daily-Work\image-20250725155302649.png" -> ".\assets\image-20250725155302649.png"
MOVE: "C:\Users\Irenegry\Documents\Daily-Work\image-20250725161001675.png" -> ".\assets\image-20250725161001675.png"
MOVE: "C:\Users\Irenegry\Documents\Daily-Work\image-20250728093236841.png" -> ".\assets\image-20250728093236841.png"
MOVE: "C:\Users\Irenegry\Documents\Daily-Work\image-20250728093316604.png" -> ".\assets\image-20250728093316604.png"
MOVE: "C:\Users\Irenegry\Documents\Daily-Work\image-20250728101558483.png" -> ".\assets\image-20250728101558483.png"
MOVE: "C:\Users\Irenegry\Documents\Daily-Work\image-20250728103744286.png" -> ".\assets\image-20250728103744286.png"
MOVE: "C:\Users\Irenegry\Documents\Daily-Work\image-20250728103757960.png" -> ".\assets\image-20250728103757960.png"
MOVE: "C:\Users\Irenegry\Documents\Daily-Work\image-20250728154753051.png" -> ".\assets\image-20250728154753051.png"
MOVE: "C:\Users\Irenegry\Documents\Daily-Work\image-20250728155539471.png" -> ".\assets\image-20250728155539471.png"
MOVE: "C:\Users\Irenegry\Documents\Daily-Work\image-20251010174834775.png" -> ".\assets\image-20251010174834775.png"
MOVE: "C:\Users\Irenegry\Documents\Daily-Work\image-20251010175244479.png" -> ".\assets\image-20251010175244479.png"
MOVE: "C:\Users\Irenegry\Documents\Daily-Work\image-20251010175836501.png" -> ".\assets\image-20251010175836501.png"
MOVE: "C:\Users\Irenegry\Documents\Daily-Work\image-20251013164226085.png" -> ".\assets\image-20251013164226085.png"
MOVE: "C:\Users\Irenegry\Documents\Daily-Work\image-20251013170245016.png" -> ".\assets\image-20251013170245016.png"
REWRITE: C:\Users\Irenegry\Documents\Daily-Work\25.07.07.md : C:\Users\Irenegry\AppData\Roaming\Typora\typora-user-images\image-20250707191149116.png -> assets/image-20250707191149116.png
REWRITE: C:\Users\Irenegry\Documents\Daily-Work\25.07.08.md : C:\Users\Irenegry\Documents\Daily-Work\image-20250708183609500.png -> assets/image-20250708183609500.png
REWRITE: C:\Users\Irenegry\Documents\Daily-Work\25.10.11大气水同位素HDO激光外差光谱探测技术研究.md : C:\Users\Irenegry\Documents\Daily-Work\image-20251010174834775.png -> assets/image-20251010174834775.png
REWRITE: C:\Users\Irenegry\Documents\Daily-Work\25.10.11大气水同位素HDO激光外差光谱探测技术研究.md : C:\Users\Irenegry\Documents\Daily-Work\image-20251010175244479.png -> assets/image-20251010175244479.png
REWRITE: C:\Users\Irenegry\Documents\Daily-Work\25.10.11大气水同位素HDO激光外差光谱探测技术研究.md : C:\Users\Irenegry\Documents\Daily-Work\image-20251010175836501.png -> assets/image-20251010175836501.png
REWRITE: C:\Users\Irenegry\Documents\Daily-Work\25.10.13大气湍流对接收光场时间相干特性的影响.md : C:\Users\Irenegry\Documents\Daily-Work\image-20251013164226085.png -> assets/image-20251013164226085.png
REWRITE: C:\Users\Irenegry\Documents\Daily-Work\25.10.13大气湍流对接收光场时间相干特性的影响.md : C:\Users\Irenegry\Documents\Daily-Work\image-20251013170245016.png -> assets/image-20251013170245016.png
REWRITE: C:\Users\Irenegry\Documents\Daily-Work\25.10.16_02斜程大气湍流中点目标回波的闪烁研究.md : C:\Users\Irenegry\AppData\Roaming\Typora\typora-user-images\image-20251022153601984.png -> assets/image-20251022153601984.png
REWRITE: C:\Users\Irenegry\Documents\Daily-Work\25.10.16_02斜程大气湍流中点目标回波的闪烁研究.md : C:\Users\Irenegry\AppData\Roaming\Typora\typora-user-images\image-20251022161340706.png -> assets/image-20251022161340706.png
REWRITE: C:\Users\Irenegry\Documents\Daily-Work\25.10.16_02斜程大气湍流中点目标回波的闪烁研究.md : C:\Users\Irenegry\AppData\Roaming\Typora\typora-user-images\image-20251022161726401.png -> assets/image-20251022161726401.png
REWRITE: C:\Users\Irenegry\Documents\Daily-Work\25.10.17Factors influencing the applications of active heterodyne detection.md : C:\Users\Irenegry\AppData\Roaming\Typora\typora-user-images\image-20251017103725070.png -> assets/image-20251017103725070.png
REWRITE: C:\Users\Irenegry\Documents\Daily-Work\25.10.17Factors influencing the applications of active heterodyne detection.md : C:\Users\Irenegry\AppData\Roaming\Typora\typora-user-images\image-20251017104013395.png -> assets/image-20251017104013395.png
REWRITE: C:\Users\Irenegry\Documents\Daily-Work\25.10.17Factors influencing the applications of active heterodyne detection.md : C:\Users\Irenegry\AppData\Roaming\Typora\typora-user-images\image-20251017104327523.png -> assets/image-20251017104327523.png
REWRITE: C:\Users\Irenegry\Documents\Daily-Work\25.10.17Factors influencing the applications of active heterodyne detection.md : C:\Users\Irenegry\AppData\Roaming\Typora\typora-user-images\image-20251017104430363.png -> assets/image-20251017104430363.png
REWRITE: C:\Users\Irenegry\Documents\Daily-Work\25.10.17Factors influencing the applications of active heterodyne detection.md : C:\Users\Irenegry\AppData\Roaming\Typora\typora-user-images\image-20251017104942018.png -> assets/image-20251017104942018.png
REWRITE: C:\Users\Irenegry\Documents\Daily-Work\25.10.17Factors influencing the applications of active heterodyne detection.md : C:\Users\Irenegry\AppData\Roaming\Typora\typora-user-images\image-20251017104957569.png -> assets/image-20251017104957569.png
REWRITE: C:\Users\Irenegry\Documents\Daily-Work\25.10.17Factors influencing the applications of active heterodyne detection.md : C:\Users\Irenegry\AppData\Roaming\Typora\typora-user-images\image-20251017105423883.png -> assets/image-20251017105423883.png
REWRITE: C:\Users\Irenegry\Documents\Daily-Work\25.10.17Factors influencing the applications of active heterodyne detection.md : C:\Users\Irenegry\AppData\Roaming\Typora\typora-user-images\image-20251017105508025.png -> assets/image-20251017105508025.png
REWRITE: C:\Users\Irenegry\Documents\Daily-Work\25.10.17Factors influencing the applications of active heterodyne detection.md : C:\Users\Irenegry\AppData\Roaming\Typora\typora-user-images\image-20251017110107620.png -> assets/image-20251017110107620.png
REWRITE: C:\Users\Irenegry\Documents\Daily-Work\25.10.17Factors influencing the applications of active heterodyne detection.md : C:\Users\Irenegry\AppData\Roaming\Typora\typora-user-images\image-20251017110435859.png -> assets/image-20251017110435859.png
REWRITE: C:\Users\Irenegry\Documents\Daily-Work\25.10.28代码调试.md : C:\Users\Irenegry\AppData\Roaming\Typora\typora-user-images\image-20251028154108733.png -> assets/image-20251028154108733.png
REWRITE: C:\Users\Irenegry\Documents\Daily-Work\25.10.28代码调试.md : C:\Users\Irenegry\AppData\Roaming\Typora\typora-user-images\image-20251028154301314.png -> assets/image-20251028154301314.png
REWRITE: C:\Users\Irenegry\Documents\Daily-Work\25.11.04_a激光外差光谱技术及反演方法研究.md : C:\Users\Irenegry\AppData\Roaming\Typora\typora-user-images\image-20251104112235288.png -> assets/image-20251104112235288.png
REWRITE: C:\Users\Irenegry\Documents\Daily-Work\25.11.04_a激光外差光谱技术及反演方法研究.md : C:\Users\Irenegry\AppData\Roaming\Typora\typora-user-images\image-20251104112619130.png -> assets/image-20251104112619130.png
REWRITE: C:\Users\Irenegry\Documents\Daily-Work\25.11.04_a激光外差光谱技术及反演方法研究.md : C:\Users\Irenegry\AppData\Roaming\Typora\typora-user-images\image-20251104142508836.png -> assets/image-20251104142508836.png
REWRITE: C:\Users\Irenegry\Documents\Daily-Work\博士论文阅读.md : C:\Users\Irenegry\Documents\Daily-Work\image-20250718101246374.png -> assets/image-20250718101246374.png
REWRITE: C:\Users\Irenegry\Documents\Daily-Work\博士论文阅读.md : C:\Users\Irenegry\Documents\Daily-Work\image-20250718103700710.png -> assets/image-20250718103700710.png
REWRITE: C:\Users\Irenegry\Documents\Daily-Work\博士论文阅读.md : C:\Users\Irenegry\Documents\Daily-Work\image-20250718105326741.png -> assets/image-20250718105326741.png
REWRITE: C:\Users\Irenegry\Documents\Daily-Work\博士论文阅读.md : C:\Users\Irenegry\Documents\Daily-Work\image-20250718110324694.png -> assets/image-20250718110324694.png
REWRITE: C:\Users\Irenegry\Documents\Daily-Work\博士论文阅读.md : C:\Users\Irenegry\Documents\Daily-Work\image-20250718111357836.png -> assets/image-20250718111357836.png
REWRITE: C:\Users\Irenegry\Documents\Daily-Work\博士论文阅读.md : C:\Users\Irenegry\Documents\Daily-Work\image-20250718111507427.png -> assets/image-20250718111507427.png
REWRITE: C:\Users\Irenegry\Documents\Daily-Work\第四章Advances in Spectroscopic Monitoring of the Atmosphere.md : C:\Users\Irenegry\Documents\Daily-Work\image-20250725154917437.png -> assets/image-20250725154917437.png
REWRITE: C:\Users\Irenegry\Documents\Daily-Work\第四章Advances in Spectroscopic Monitoring of the Atmosphere.md : C:\Users\Irenegry\Documents\Daily-Work\image-20250725155005103.png -> assets/image-20250725155005103.png
REWRITE: C:\Users\Irenegry\Documents\Daily-Work\第四章Advances in Spectroscopic Monitoring of the Atmosphere.md : C:\Users\Irenegry\Documents\Daily-Work\image-20250725155302649.png -> assets/image-20250725155302649.png
REWRITE: C:\Users\Irenegry\Documents\Daily-Work\第四章Advances in Spectroscopic Monitoring of the Atmosphere.md : C:\Users\Irenegry\Documents\Daily-Work\image-20250725161001675.png -> assets/image-20250725161001675.png
REWRITE: C:\Users\Irenegry\Documents\Daily-Work\第四章Advances in Spectroscopic Monitoring of the Atmosphere.md : C:\Users\Irenegry\Documents\Daily-Work\image-20250728155539471.png -> assets/image-20250728155539471.png
REWRITE: C:\Users\Irenegry\Documents\Daily-Work\第四章Advances in Spectroscopic Monitoring of the Atmosphere.md : C:\Users\Irenegry\Documents\Daily-Work\image-20250728093316604.png -> assets/image-20250728093316604.png
REWRITE: C:\Users\Irenegry\Documents\Daily-Work\第四章Advances in Spectroscopic Monitoring of the Atmosphere.md : C:\Users\Irenegry\Documents\Daily-Work\image-20250728101558483.png -> assets/image-20250728101558483.png
REWRITE: C:\Users\Irenegry\Documents\Daily-Work\第四章Advances in Spectroscopic Monitoring of the Atmosphere.md : C:\Users\Irenegry\Documents\Daily-Work\image-20250728103757960.png -> assets/image-20250728103757960.png
REWRITE: C:\Users\Irenegry\Documents\Daily-Work\第四章Advances in Spectroscopic Monitoring of the Atmosphere.md : C:\Users\Irenegry\Documents\Daily-Work\image-20250728154753051.png -> assets/image-20250728154753051.png
REWRITE: C:\Users\Irenegry\Documents\Daily-Work\被动激光外差：2020年环光中心.md : C:\Users\Irenegry\AppData\Roaming\Typora\typora-user-images\image-20250722111413164.png -> assets/image-20250722111413164.png
== Completed: 2025-11-05T14:15:22 ==
